2023-12-17 08:30:15 INFO: Application started
2023-12-17 08:35:22 WARNING: Connection timeout - Attempting to  reconnect
2023-12-17 08:40:45 ERROR: Database connection failed with ERROR
2023-12-17 08:40:45 ERROR: Database connection failed with ERROR
2023-12-17 08:42:10 INFO: System update completed successfully
2023-12-17 08:50:02 DEBUG: Processing data for user ID 123
2023-12-17 09:05:30 ERROR: File not found - /var/log/application.log
2023-12-17 09:15:18 INFO: User logged in - Username: johndoe
2023-12-17 09:20:55 DEBUG: API response received - Status code: 200
2023-12-17 09:25:40 WARNING: Low disk space - Consider freeing up space
2023-12-17 09:30:12 ERROR: Application crash - Restarting
2023-12-17 09:35:29 INFO: Task completed successfully - ID: 456
2023-12-17 10:40:12 ERROR: Server overload - Performance degradation observed
2023-12-17 09:40:05 DEBUG: Processing request from IP 192.168.1.10
2023-12-17 09:45:50 ERROR: Invalid input data - Skipping record
2023-12-17 10:00:02 INFO: Daily backup initiated
2023-12-17 10:15:20 WARNING: Unusual activity detected - Security check triggered
2023-12-17 10:30:45 DEBUG: Database query executed - Rows affected: 1024
2023-12-17 10:40:12 ERROR: Server overload - Performance degradation observed
2023-12-17 10:40:12 ERROR: Server overload - Performance degradation observed
2023-12-17 10:55:28 INFO: Application version 2.0 released
2023-12-17 11:10:15 DEBUG: User activity recorded - UserID: 789
2023-12-17 11:25:40 WARNING: Memory usage high - Optimize resource utilization
2023-12-17 11:35:55 ERROR: Unable to process payment - Transaction failed
2023-12-17 11:45:22 INFO: Log rotation completed
2023-12-17 12:00:01 DEBUG: Scheduled task initiated
